<?xml version="1.0" encoding="UTF-8"?>
<testsuite name="self.caloean.roman_to_integer.RomanToIntegerConverterTest" tests="1" skipped="0" failures="0" errors="0" timestamp="2020-12-21T02:40:41" hostname="val-Ubuntu" time="0.048">
  <properties/>
  <testcase name="convertRomanNumeralsToIntegers()" classname="self.caloean.roman_to_integer.RomanToIntegerConverterTest" time="0.048"/>
  <system-out><![CDATA[]]></system-out>
  <system-err><![CDATA[]]></system-err>
</testsuite>
